[16:40:02] [main/ERROR]: Registry 'minecraft:chunk_generator_type' was empty after loading
[16:40:04] [main/WARN]: Ambiguity between arguments [teleport, destination] and [teleport, targets] with inputs: [Player, 0123, @e, dd12be42-52a9-4a91-a8a1-11c01849e498]
[16:40:04] [main/WARN]: Ambiguity between arguments [teleport, location] and [teleport, destination] with inputs: [0.1 -0.5 .9, 0 0 0]
[16:40:04] [main/WARN]: Ambiguity between arguments [teleport, location] and [teleport, targets] with inputs: [0.1 -0.5 .9, 0 0 0]
[16:40:04] [main/WARN]: Ambiguity between arguments [teleport, targets] and [teleport, destination] with inputs: [Player, 0123, dd12be42-52a9-4a91-a8a1-11c01849e498]
[16:40:04] [main/WARN]: Ambiguity between arguments [teleport, targets, location] and [teleport, targets, destination] with inputs: [0.1 -0.5 .9, 0 0 0]
[16:40:04] [Server thread/INFO]: Starting minecraft server version 20w13b
[16:40:04] [Server thread/INFO]: Loading properties
[16:40:04] [Server thread/INFO]: Default game type: SURVIVAL
[16:40:04] [Server thread/INFO]: Generating keypair
[16:40:05] [Server thread/INFO]: Starting Minecraft server on *:25565
[16:40:06] [Server thread/INFO]: Using default channel type
[16:40:10] [Server thread/INFO]: Preparing level "world"
[16:40:10] [Server thread/INFO]: Reloading ResourceManager: Default
[16:40:12] [Server thread/INFO]: Loaded 6 recipes
[16:40:13] [Server thread/INFO]: Loaded 863 advancements
[16:40:16] [Server thread/INFO]: Preparing start region for dimension minecraft:overworld
[16:40:18] [Server thread/INFO]: Preparing spawn area: 0%
[16:40:18] [Server thread/INFO]: Preparing spawn area: 0%
[16:40:18] [Server thread/INFO]: Preparing spawn area: 0%
[16:40:18] [Server thread/INFO]: Preparing spawn area: 0%
[16:40:18] [Worker-3/INFO]: Preparing spawn area: 0%
[16:40:21] [Server thread/INFO]: Preparing spawn area: 0%
[16:40:21] [Server thread/INFO]: Preparing spawn area: 0%
[16:40:21] [Server thread/INFO]: Preparing spawn area: 0%
[16:40:21] [Server thread/INFO]: Preparing spawn area: 0%
[16:40:21] [Server thread/INFO]: Preparing spawn area: 83%
[16:40:25] [Server thread/INFO]: Time elapsed: 8720 ms
[16:40:25] [Server thread/INFO]: Done (15.039s)! For help, type "help"
[16:44:49] [User Authenticator #1/INFO]: UUID of player Fretbeirke is c8981680-7d58-440b-adc4-c887d9e9ef86
[16:44:49] [Server thread/WARN]: Ignored advancement 'minecraft:recipes/misc/composter' in progress file .\world\advancements\c8981680-7d58-440b-adc4-c887d9e9ef86.json - it doesn't exist anymore?
[16:44:49] [Server thread/INFO]: Fretbeirke[/25.117.156.205:50806] logged in with entity id 367 at (-921.8869263067861, 68.0, 1270.0164474888336)
[16:44:49] [Server thread/INFO]: Fretbeirke joined the game
[16:46:56] [Server thread/WARN]: Fretbeirke moved too quickly! 1027.8948191775394,3.233632006042477,-1279.4035277554347
[16:46:58] [Server thread/INFO]: Scanning for legacy world dragon fight...
[16:46:58] [Server thread/INFO]: Found that the dragon has been killed in this world already.
[16:52:18] [Server thread/WARN]: Fretbeirke moved too quickly! 1027.9349129677912,3.233632006042477,-1279.6061383518534
[16:53:05] [Server thread/INFO]: Fretbeirke lost connection: Disconnected
[16:53:05] [Server thread/INFO]: Fretbeirke left the game
[16:58:39] [User Authenticator #2/INFO]: UUID of player Walloonator is 93b3b92f-d98f-43ae-a694-6b9468d7ecb6
[16:58:40] [Server thread/INFO]: Walloonator[/25.116.199.61:57013] logged in with entity id 4267 at (263.30003461059863, 64.0, -106.97561960408868)
[16:58:40] [Server thread/INFO]: Walloonator joined the game
[16:58:46] [Server thread/WARN]: Can't keep up! Is the server overloaded? Running 2007ms or 40 ticks behind
[16:58:59] [Server thread/WARN]: Fetching packet for removed entity azh['Air'/4524, l='world', x=251.01, y=60.00, z=-120.70]
[17:01:03] [User Authenticator #3/INFO]: UUID of player Fretbeirke is c8981680-7d58-440b-adc4-c887d9e9ef86
[17:01:03] [Server thread/INFO]: Fretbeirke[/25.117.156.205:51057] logged in with entity id 4805 at (-71.24160827413935, -108.96072232986508, 48.63188193022752)
[17:01:03] [Server thread/INFO]: Fretbeirke joined the game
[17:01:04] [Server thread/INFO]: Fretbeirke fell out of the world
[17:01:04] [Server thread/INFO]: [Walloonator: Teleported Fretbeirke to Walloonator]
[17:02:06] [Server thread/INFO]: Walloonator lost connection: Disconnected
[17:02:06] [Server thread/INFO]: Walloonator left the game
[17:04:20] [Server thread/WARN]: Fretbeirke moved too quickly! 1027.8861326625276,3.3926045499513435,-1279.6022364721766
[17:18:42] [Server thread/INFO]: Fretbeirke fell from a high place
[17:18:56] [Server thread/WARN]: Fretbeirke moved too quickly! 1027.6957444937036,3.233632006042477,-1279.5852487132709
[17:20:34] [Server thread/WARN]: Fretbeirke moved too quickly! 1028.266626448698,2.9451066529679224,-1280.025002884857
[17:51:39] [Server thread/ERROR]: Unknown type , replacing with cru@3ae4a6c1
[17:51:39] [Server thread/ERROR]: Unknown type , replacing with cru@3ae4a6c1
[17:51:39] [Server thread/ERROR]: Unknown type , replacing with cru@3ae4a6c1
[17:51:39] [Server thread/ERROR]: Unknown type , replacing with cru@3ae4a6c1
[17:51:39] [Server thread/ERROR]: Unknown type , replacing with cru@3ae4a6c1
[17:51:39] [Server thread/ERROR]: Unknown type , replacing with cru@3ae4a6c1
[17:51:39] [Server thread/ERROR]: Unknown type , replacing with cru@3ae4a6c1
[17:51:39] [Server thread/ERROR]: Unknown type , replacing with cru@3ae4a6c1
[17:51:39] [Server thread/ERROR]: Unknown type , replacing with cru@3ae4a6c1
[17:51:39] [Server thread/ERROR]: Unknown type , replacing with cru@3ae4a6c1
[17:51:39] [Server thread/ERROR]: Unknown type , replacing with cru@3ae4a6c1
[17:51:39] [Server thread/ERROR]: Unknown type , replacing with cru@3ae4a6c1
[17:51:39] [Server thread/ERROR]: Unknown type , replacing with cru@3ae4a6c1
[17:51:39] [Server thread/ERROR]: Unknown type , replacing with cru@3ae4a6c1
[17:51:39] [Server thread/ERROR]: Unknown type , replacing with cru@3ae4a6c1
[17:51:39] [Server thread/ERROR]: Unknown type , replacing with cru@3ae4a6c1
[17:51:39] [Server thread/ERROR]: Unknown type , replacing with cru@3ae4a6c1
[17:51:39] [Server thread/ERROR]: Unknown type , replacing with cru@3ae4a6c1
[17:51:39] [Server thread/ERROR]: Unknown type , replacing with cru@3ae4a6c1
[17:51:39] [Server thread/ERROR]: Unknown type , replacing with cru@3ae4a6c1
[17:51:39] [Server thread/ERROR]: Unknown type , replacing with cru@3ae4a6c1
[17:51:39] [Server thread/ERROR]: Unknown type , replacing with cru@3ae4a6c1
[17:51:39] [Server thread/ERROR]: Unknown type , replacing with cru@3ae4a6c1
[17:51:39] [Server thread/ERROR]: Unknown type , replacing with cru@3ae4a6c1
[17:51:39] [Server thread/ERROR]: Unknown type , replacing with cru@3ae4a6c1
[17:51:39] [Server thread/ERROR]: Unknown type , replacing with cru@3ae4a6c1
[17:51:39] [Server thread/ERROR]: Unknown type , replacing with cru@3ae4a6c1
[17:51:39] [Server thread/ERROR]: Unknown type , replacing with cru@3ae4a6c1
[17:51:39] [Server thread/ERROR]: Unknown type , replacing with cru@3ae4a6c1
[17:51:39] [Server thread/ERROR]: Unknown type , replacing with cru@3ae4a6c1
[17:51:39] [Server thread/ERROR]: Unknown type , replacing with cru@3ae4a6c1
[17:51:39] [Server thread/ERROR]: Unknown type , replacing with cru@3ae4a6c1
[17:51:39] [Server thread/ERROR]: Unknown type , replacing with cru@3ae4a6c1
[17:51:39] [Server thread/ERROR]: Unknown type , replacing with cru@3ae4a6c1
[17:51:39] [Server thread/WARN]: Error while deserializing minecraft:taiga_grass
[17:51:39] [Server thread/WARN]: Error while deserializing minecraft:taiga_grass
[17:51:39] [Server thread/ERROR]: Unknown type , replacing with cru@3ae4a6c1
[17:51:39] [Server thread/ERROR]: Unknown type , replacing with cru@3ae4a6c1
[17:51:39] [Server thread/ERROR]: Unknown type , replacing with cru@3ae4a6c1
[17:51:39] [Server thread/ERROR]: Unknown type , replacing with cru@3ae4a6c1
[17:51:39] [Server thread/WARN]: Error while deserializing minecraft:taiga_grass
[17:51:39] [Server thread/ERROR]: Unknown type , replacing with cru@3ae4a6c1
[17:51:39] [Server thread/ERROR]: Unknown type , replacing with cru@3ae4a6c1
[17:51:39] [Server thread/ERROR]: Unknown type , replacing with cru@3ae4a6c1
[17:51:39] [Server thread/ERROR]: Unknown type , replacing with cru@3ae4a6c1
[17:51:39] [Server thread/ERROR]: Unknown type , replacing with cru@3ae4a6c1
[17:51:39] [Server thread/ERROR]: Unknown type , replacing with cru@3ae4a6c1
[17:51:39] [Server thread/ERROR]: Unknown type , replacing with cru@3ae4a6c1
[17:51:39] [Server thread/ERROR]: Unknown type , replacing with cru@3ae4a6c1
[17:51:39] [Server thread/ERROR]: Unknown type , replacing with cru@3ae4a6c1
[17:51:39] [Server thread/WARN]: Error while deserializing minecraft:taiga_grass
[17:51:39] [Server thread/WARN]: Error while deserializing minecraft:spruce_tree
[17:51:39] [Server thread/ERROR]: Unknown type , replacing with cru@3ae4a6c1
[17:51:39] [Server thread/ERROR]: Unknown type , replacing with cru@3ae4a6c1
[17:51:39] [Server thread/ERROR]: Unknown type , replacing with cru@3ae4a6c1
[17:51:39] [Server thread/ERROR]: Unknown type , replacing with cru@3ae4a6c1
[17:51:39] [Server thread/ERROR]: Unknown type , replacing with cru@3ae4a6c1
[17:51:39] [Server thread/ERROR]: Unknown type , replacing with cru@3ae4a6c1
[17:51:39] [Server thread/ERROR]: Unknown type , replacing with cru@3ae4a6c1
[17:51:39] [Server thread/ERROR]: Unknown type , replacing with cru@3ae4a6c1
[17:51:39] [Server thread/ERROR]: Unknown type , replacing with cru@3ae4a6c1
[17:51:39] [Server thread/ERROR]: Unknown type , replacing with cru@3ae4a6c1
[17:51:39] [Server thread/ERROR]: Unknown type , replacing with cru@3ae4a6c1
[17:51:39] [Server thread/ERROR]: Unknown type , replacing with cru@3ae4a6c1
[17:51:39] [Server thread/ERROR]: Unknown type , replacing with cru@3ae4a6c1
[17:51:39] [Server thread/ERROR]: Unknown type , replacing with cru@3ae4a6c1
[17:51:39] [Server thread/ERROR]: Unknown type , replacing with cru@3ae4a6c1
[17:51:39] [Server thread/ERROR]: Unknown type , replacing with cru@3ae4a6c1
[17:51:39] [Server thread/ERROR]: Unknown type , replacing with cru@3ae4a6c1
[17:51:39] [Server thread/ERROR]: Unknown type , replacing with cru@3ae4a6c1
[17:51:39] [Server thread/ERROR]: Unknown type , replacing with cru@3ae4a6c1
[17:51:39] [Server thread/ERROR]: Unknown type , replacing with cru@3ae4a6c1
[17:51:39] [Server thread/ERROR]: Unknown type , replacing with cru@3ae4a6c1
[17:51:39] [Server thread/ERROR]: Unknown type , replacing with cru@3ae4a6c1
[17:51:39] [Server thread/WARN]: Error while deserializing minecraft:spruce_tree
[17:51:39] [Server thread/ERROR]: Unknown type , replacing with cru@3ae4a6c1
[17:51:39] [Server thread/ERROR]: Unknown type , replacing with cru@3ae4a6c1
[17:51:39] [Server thread/ERROR]: Unknown type , replacing with cru@3ae4a6c1
[17:51:39] [Server thread/ERROR]: Unknown type , replacing with cru@3ae4a6c1
[17:51:39] [Server thread/ERROR]: Unknown type , replacing with cru@3ae4a6c1
[17:51:39] [Server thread/ERROR]: Unknown type , replacing with cru@3ae4a6c1
[17:51:39] [Server thread/ERROR]: Unknown type , replacing with cru@3ae4a6c1
[17:51:39] [Server thread/ERROR]: Unknown type , replacing with cru@3ae4a6c1
[17:51:39] [Server thread/ERROR]: Unknown type , replacing with cru@3ae4a6c1
[17:51:39] [Server thread/ERROR]: Unknown type , replacing with cru@3ae4a6c1
[17:51:39] [Server thread/ERROR]: Unknown type , replacing with cru@3ae4a6c1
[17:51:39] [Server thread/ERROR]: Unknown type , replacing with cru@3ae4a6c1
[17:51:39] [Server thread/ERROR]: Unknown type , replacing with cru@3ae4a6c1
[17:51:39] [Server thread/ERROR]: Unknown type , replacing with cru@3ae4a6c1
[17:51:39] [Server thread/ERROR]: Unknown type , replacing with cru@3ae4a6c1
[17:51:39] [Server thread/ERROR]: Unknown type , replacing with cru@3ae4a6c1
[17:51:39] [Server thread/WARN]: Error while deserializing minecraft:sweet_berry_bush
[17:51:39] [Server thread/WARN]: Error while deserializing minecraft:taiga_grass
[17:51:39] [Server thread/WARN]: Error while deserializing minecraft:pine_tree
[17:51:39] [Server thread/ERROR]: Unknown type , replacing with cru@3ae4a6c1
[17:51:39] [Server thread/ERROR]: Unknown type , replacing with cru@3ae4a6c1
[17:51:39] [Server thread/ERROR]: Unknown type , replacing with cru@3ae4a6c1
[17:51:39] [Server thread/ERROR]: Unknown type , replacing with cru@3ae4a6c1
[17:51:39] [Server thread/WARN]: Error while deserializing minecraft:pine_tree
[17:51:39] [Server thread/ERROR]: Unknown type , replacing with cru@3ae4a6c1
[17:51:39] [Server thread/ERROR]: Unknown type , replacing with cru@3ae4a6c1
[17:51:39] [Server thread/ERROR]: Unknown type , replacing with cru@3ae4a6c1
[17:51:39] [Server thread/ERROR]: Unknown type , replacing with cru@3ae4a6c1
[17:51:39] [Server thread/WARN]: Error while deserializing minecraft:pumpkin_pile
[17:51:39] [Server thread/ERROR]: Unknown type , replacing with cru@3ae4a6c1
[17:51:39] [Server thread/ERROR]: Unknown type , replacing with cru@3ae4a6c1
[17:51:39] [Server thread/ERROR]: Unknown type , replacing with cru@3ae4a6c1
[17:51:39] [Server thread/ERROR]: Unknown type , replacing with cru@3ae4a6c1
[17:51:39] [Server thread/ERROR]: Unknown type , replacing with cru@3ae4a6c1
[17:51:39] [Server thread/ERROR]: Unknown type , replacing with cru@3ae4a6c1
[17:51:39] [Server thread/ERROR]: Unknown type , replacing with cru@3ae4a6c1
[17:51:39] [Server thread/ERROR]: Unknown type , replacing with cru@3ae4a6c1
[17:51:39] [Server thread/ERROR]: Unknown type , replacing with cru@3ae4a6c1
[17:51:39] [Server thread/ERROR]: Unknown type , replacing with cru@3ae4a6c1
[17:51:39] [Server thread/ERROR]: Unknown type , replacing with cru@3ae4a6c1
[17:51:39] [Server thread/ERROR]: Unknown type , replacing with cru@3ae4a6c1
[17:51:39] [Server thread/ERROR]: Unknown type , replacing with cru@3ae4a6c1
[17:51:39] [Server thread/ERROR]: Unknown type , replacing with cru@3ae4a6c1
[17:51:39] [Server thread/ERROR]: Unknown type , replacing with cru@3ae4a6c1
[17:51:39] [Server thread/ERROR]: Unknown type , replacing with cru@3ae4a6c1
[17:51:39] [Server thread/ERROR]: Unknown type , replacing with cru@3ae4a6c1
[17:51:39] [Server thread/ERROR]: Unknown type , replacing with cru@3ae4a6c1
[17:51:39] [Server thread/ERROR]: Unknown type , replacing with cru@3ae4a6c1
[17:51:39] [Server thread/ERROR]: Unknown type , replacing with cru@3ae4a6c1
[17:51:39] [Server thread/ERROR]: Unknown type , replacing with cru@3ae4a6c1
[17:51:39] [Server thread/ERROR]: Unknown type , replacing with cru@3ae4a6c1
[17:51:39] [Server thread/ERROR]: Unknown type , replacing with cru@3ae4a6c1
[17:51:39] [Server thread/ERROR]: Unknown type , replacing with cru@3ae4a6c1
[17:51:39] [Server thread/ERROR]: Unknown type , replacing with cru@3ae4a6c1
[17:51:39] [Server thread/ERROR]: Unknown type , replacing with cru@3ae4a6c1
[17:51:39] [Server thread/ERROR]: Unknown type , replacing with cru@3ae4a6c1
[17:51:39] [Server thread/ERROR]: Unknown type , replacing with cru@3ae4a6c1
[17:51:39] [Server thread/ERROR]: Unknown type , replacing with cru@3ae4a6c1
[17:51:39] [Server thread/WARN]: Error while deserializing minecraft:spruce_tree
[17:51:39] [Server thread/ERROR]: Unknown type , replacing with cru@3ae4a6c1
[17:51:39] [Server thread/ERROR]: Unknown type , replacing with cru@3ae4a6c1
[17:51:39] [Server thread/ERROR]: Unknown type , replacing with cru@3ae4a6c1
[17:51:39] [Server thread/ERROR]: Unknown type , replacing with cru@3ae4a6c1
[17:51:39] [Server thread/ERROR]: Unknown type , replacing with cru@3ae4a6c1
[17:51:39] [Server thread/ERROR]: Unknown type , replacing with cru@3ae4a6c1
[17:51:39] [Server thread/ERROR]: Unknown type , replacing with cru@3ae4a6c1
[17:51:39] [Server thread/ERROR]: Unknown type , replacing with cru@3ae4a6c1
[17:51:39] [Server thread/ERROR]: Unknown type , replacing with cru@3ae4a6c1
[17:51:39] [Server thread/ERROR]: Unknown type , replacing with cru@3ae4a6c1
[17:51:39] [Server thread/ERROR]: Unknown type , replacing with cru@3ae4a6c1
[17:51:39] [Server thread/ERROR]: Unknown type , replacing with cru@3ae4a6c1
[17:51:39] [Server thread/ERROR]: Unknown type , replacing with cru@3ae4a6c1
[17:51:39] [Server thread/ERROR]: Unknown type , replacing with cru@3ae4a6c1
[17:51:39] [Server thread/ERROR]: Unknown type , replacing with cru@3ae4a6c1
[17:51:39] [Server thread/ERROR]: Unknown type , replacing with cru@3ae4a6c1
[17:51:39] [Server thread/ERROR]: Unknown type , replacing with cru@3ae4a6c1
[17:51:39] [Server thread/ERROR]: Unknown type , replacing with cru@3ae4a6c1
[17:51:39] [Server thread/ERROR]: Unknown type , replacing with cru@3ae4a6c1
[17:51:39] [Server thread/ERROR]: Unknown type , replacing with cru@3ae4a6c1
[17:51:39] [Server thread/ERROR]: Unknown type , replacing with cru@3ae4a6c1
[17:51:39] [Server thread/ERROR]: Unknown type , replacing with cru@3ae4a6c1
[17:51:39] [Server thread/ERROR]: Unknown type , replacing with cru@3ae4a6c1
[17:51:39] [Server thread/ERROR]: Unknown type , replacing with cru@3ae4a6c1
[17:51:39] [Server thread/ERROR]: Unknown type , replacing with cru@3ae4a6c1
[17:51:39] [Server thread/ERROR]: Unknown type , replacing with cru@3ae4a6c1
[17:51:39] [Server thread/ERROR]: Unknown type , replacing with cru@3ae4a6c1
[17:51:39] [Server thread/ERROR]: Unknown type , replacing with cru@3ae4a6c1
[17:51:39] [Server thread/ERROR]: Unknown type , replacing with cru@3ae4a6c1
[17:51:39] [Server thread/ERROR]: Unknown type , replacing with cru@3ae4a6c1
[17:51:39] [Server thread/ERROR]: Unknown type , replacing with cru@3ae4a6c1
[17:51:39] [Server thread/ERROR]: Unknown type , replacing with cru@3ae4a6c1
[17:51:39] [Server thread/ERROR]: Unknown type , replacing with cru@3ae4a6c1
[17:51:39] [Server thread/ERROR]: Unknown type , replacing with cru@3ae4a6c1
[17:51:39] [Server thread/ERROR]: Unknown type , replacing with cru@3ae4a6c1
[17:51:39] [Server thread/ERROR]: Unknown type , replacing with cru@3ae4a6c1
[17:51:39] [Server thread/ERROR]: Unknown type , replacing with cru@3ae4a6c1
[17:51:39] [Server thread/WARN]: Error while deserializing minecraft:taiga_grass
[17:51:39] [Server thread/ERROR]: Unknown type , replacing with cru@3ae4a6c1
[17:51:39] [Server thread/ERROR]: Unknown type , replacing with cru@3ae4a6c1
[17:51:39] [Server thread/ERROR]: Unknown type , replacing with cru@3ae4a6c1
[17:51:39] [Server thread/ERROR]: Unknown type , replacing with cru@3ae4a6c1
[17:51:39] [Server thread/ERROR]: Unknown type , replacing with cru@3ae4a6c1
[17:51:39] [Server thread/ERROR]: Unknown type , replacing with cru@3ae4a6c1
[17:51:39] [Server thread/ERROR]: Unknown type , replacing with cru@3ae4a6c1
[17:51:39] [Server thread/ERROR]: Unknown type , replacing with cru@3ae4a6c1
[17:51:39] [Server thread/ERROR]: Unknown type , replacing with cru@3ae4a6c1
[17:51:39] [Server thread/ERROR]: Unknown type , replacing with cru@3ae4a6c1
[17:51:39] [Server thread/ERROR]: Unknown type , replacing with cru@3ae4a6c1
[17:51:39] [Server thread/ERROR]: Unknown type , replacing with cru@3ae4a6c1
[17:51:39] [Server thread/ERROR]: Unknown type , replacing with cru@3ae4a6c1
[17:51:39] [Server thread/ERROR]: Unknown type , replacing with cru@3ae4a6c1
[17:51:39] [Server thread/ERROR]: Unknown type , replacing with cru@3ae4a6c1
[17:51:39] [Server thread/ERROR]: Unknown type , replacing with cru@3ae4a6c1
[17:51:39] [Server thread/ERROR]: Unknown type , replacing with cru@3ae4a6c1
[17:51:39] [Server thread/ERROR]: Unknown type , replacing with cru@3ae4a6c1
[17:51:39] [Server thread/ERROR]: Unknown type , replacing with cru@3ae4a6c1
[17:51:39] [Server thread/ERROR]: Unknown type , replacing with cru@3ae4a6c1
[17:51:39] [Server thread/ERROR]: Unknown type , replacing with cru@3ae4a6c1
[17:51:39] [Server thread/ERROR]: Unknown type , replacing with cru@3ae4a6c1
[17:51:39] [Server thread/ERROR]: Unknown type , replacing with cru@3ae4a6c1
[17:51:39] [Server thread/ERROR]: Unknown type , replacing with cru@3ae4a6c1
[17:51:39] [Server thread/WARN]: Error while deserializing minecraft:taiga_grass
[17:51:39] [Server thread/ERROR]: Unknown type , replacing with cru@3ae4a6c1
[17:51:39] [Server thread/ERROR]: Unknown type , replacing with cru@3ae4a6c1
[17:51:39] [Server thread/ERROR]: Unknown type , replacing with cru@3ae4a6c1
[17:51:39] [Server thread/ERROR]: Unknown type , replacing with cru@3ae4a6c1
[17:51:39] [Server thread/ERROR]: Unknown type , replacing with cru@3ae4a6c1
[17:51:39] [Server thread/ERROR]: Unknown type , replacing with cru@3ae4a6c1
[17:51:39] [Server thread/ERROR]: Unknown type , replacing with cru@3ae4a6c1
[17:51:39] [Server thread/ERROR]: Unknown type , replacing with cru@3ae4a6c1
[17:51:39] [Server thread/ERROR]: Unknown type , replacing with cru@3ae4a6c1
[17:51:39] [Server thread/ERROR]: Unknown type , replacing with cru@3ae4a6c1
[17:51:39] [Server thread/ERROR]: Unknown type , replacing with cru@3ae4a6c1
[17:51:39] [Server thread/ERROR]: Unknown type , replacing with cru@3ae4a6c1
[17:51:39] [Server thread/ERROR]: Unknown type , replacing with cru@3ae4a6c1
[17:51:39] [Server thread/ERROR]: Unknown type , replacing with cru@3ae4a6c1
[17:51:39] [Server thread/ERROR]: Unknown type , replacing with cru@3ae4a6c1
[17:51:39] [Server thread/ERROR]: Unknown type , replacing with cru@3ae4a6c1
[17:51:39] [Server thread/ERROR]: Unknown type , replacing with cru@3ae4a6c1
[17:51:39] [Server thread/ERROR]: Unknown type , replacing with cru@3ae4a6c1
[17:51:39] [Server thread/ERROR]: Unknown type , replacing with cru@3ae4a6c1
[17:51:39] [Server thread/ERROR]: Unknown type , replacing with cru@3ae4a6c1
[17:51:39] [Server thread/ERROR]: Unknown type , replacing with cru@3ae4a6c1
[17:51:39] [Server thread/ERROR]: Unknown type , replacing with cru@3ae4a6c1
[17:51:39] [Server thread/ERROR]: Unknown type , replacing with cru@3ae4a6c1
[17:51:39] [Server thread/ERROR]: Unknown type , replacing with cru@3ae4a6c1
[17:51:39] [Server thread/ERROR]: Unknown type , replacing with cru@3ae4a6c1
[17:51:39] [Server thread/ERROR]: Unknown type , replacing with cru@3ae4a6c1
[17:51:39] [Server thread/ERROR]: Unknown type , replacing with cru@3ae4a6c1
[17:51:39] [Server thread/ERROR]: Unknown type , replacing with cru@3ae4a6c1
[17:51:39] [Server thread/ERROR]: Unknown type , replacing with cru@3ae4a6c1
[17:51:39] [Server thread/ERROR]: Unknown type , replacing with cru@3ae4a6c1
[17:51:39] [Server thread/ERROR]: Unknown type , replacing with cru@3ae4a6c1
[17:51:39] [Server thread/ERROR]: Unknown type , replacing with cru@3ae4a6c1
[17:51:39] [Server thread/ERROR]: Unknown type , replacing with cru@3ae4a6c1
[17:51:39] [Server thread/ERROR]: Unknown type , replacing with cru@3ae4a6c1
[17:51:39] [Server thread/ERROR]: Unknown type , replacing with cru@3ae4a6c1
[17:51:39] [Server thread/ERROR]: Unknown type , replacing with cru@3ae4a6c1
[17:51:39] [Server thread/ERROR]: Unknown type , replacing with cru@3ae4a6c1
[17:51:39] [Server thread/ERROR]: Unknown type , replacing with cru@3ae4a6c1
[17:51:39] [Server thread/ERROR]: Unknown type , replacing with cru@3ae4a6c1
[17:51:39] [Server thread/ERROR]: Unknown type , replacing with cru@3ae4a6c1
[17:51:39] [Server thread/ERROR]: Unknown type , replacing with cru@3ae4a6c1
[17:51:39] [Server thread/ERROR]: Unknown type , replacing with cru@3ae4a6c1
[17:51:39] [Server thread/ERROR]: Unknown type , replacing with cru@3ae4a6c1
[17:51:39] [Server thread/ERROR]: Unknown type , replacing with cru@3ae4a6c1
[17:51:39] [Server thread/ERROR]: Unknown type , replacing with cru@3ae4a6c1
[17:51:39] [Server thread/WARN]: Error while deserializing minecraft:pine_tree
[17:51:39] [Server thread/ERROR]: Unknown type , replacing with cru@3ae4a6c1
[17:51:39] [Server thread/ERROR]: Unknown type , replacing with cru@3ae4a6c1
[17:51:39] [Server thread/ERROR]: Unknown type , replacing with cru@3ae4a6c1
[17:51:39] [Server thread/ERROR]: Unknown type , replacing with cru@3ae4a6c1
[17:51:39] [Server thread/ERROR]: Unknown type , replacing with cru@3ae4a6c1
[17:51:39] [Server thread/ERROR]: Unknown type , replacing with cru@3ae4a6c1
[17:51:39] [Server thread/ERROR]: Unknown type , replacing with cru@3ae4a6c1
[17:51:39] [Server thread/ERROR]: Unknown type , replacing with cru@3ae4a6c1
[17:51:39] [Server thread/ERROR]: Unknown type , replacing with cru@3ae4a6c1
[17:51:39] [Server thread/ERROR]: Unknown type , replacing with cru@3ae4a6c1
[17:51:39] [Server thread/ERROR]: Unknown type , replacing with cru@3ae4a6c1
[17:51:39] [Server thread/ERROR]: Unknown type , replacing with cru@3ae4a6c1
[17:51:39] [Server thread/ERROR]: Unknown type , replacing with cru@3ae4a6c1
[17:51:39] [Server thread/ERROR]: Unknown type , replacing with cru@3ae4a6c1
[17:51:39] [Server thread/ERROR]: Unknown type , replacing with cru@3ae4a6c1
[17:51:39] [Server thread/ERROR]: Unknown type , replacing with cru@3ae4a6c1
[17:51:39] [Server thread/ERROR]: Unknown type , replacing with cru@3ae4a6c1
[17:51:39] [Server thread/ERROR]: Unknown type , replacing with cru@3ae4a6c1
[17:51:39] [Server thread/ERROR]: Unknown type , replacing with cru@3ae4a6c1
[17:51:39] [Server thread/ERROR]: Unknown type , replacing with cru@3ae4a6c1
[17:51:39] [Server thread/ERROR]: Unknown type , replacing with cru@3ae4a6c1
[17:51:39] [Server thread/ERROR]: Unknown type , replacing with cru@3ae4a6c1
[17:51:39] [Server thread/ERROR]: Unknown type , replacing with cru@3ae4a6c1
[17:51:39] [Server thread/ERROR]: Unknown type , replacing with cru@3ae4a6c1
[17:51:39] [Server thread/ERROR]: Unknown type , replacing with cru@3ae4a6c1
[17:51:39] [Server thread/ERROR]: Unknown type , replacing with cru@3ae4a6c1
[17:51:39] [Server thread/ERROR]: Unknown type , replacing with cru@3ae4a6c1
[17:51:39] [Server thread/ERROR]: Unknown type , replacing with cru@3ae4a6c1
[17:51:39] [Server thread/ERROR]: Unknown type , replacing with cru@3ae4a6c1
[17:51:39] [Server thread/ERROR]: Unknown type , replacing with cru@3ae4a6c1
[17:51:39] [Server thread/ERROR]: Unknown type , replacing with cru@3ae4a6c1
[17:51:39] [Server thread/ERROR]: Unknown type , replacing with cru@3ae4a6c1
[17:51:39] [Server thread/ERROR]: Unknown type , replacing with cru@3ae4a6c1
[17:51:39] [Server thread/ERROR]: Unknown type , replacing with cru@3ae4a6c1
[17:51:39] [Server thread/ERROR]: Unknown type , replacing with cru@3ae4a6c1
[17:51:39] [Server thread/ERROR]: Unknown type , replacing with cru@3ae4a6c1
[17:51:39] [Server thread/ERROR]: Unknown type , replacing with cru@3ae4a6c1
[17:51:39] [Server thread/ERROR]: Unknown type , replacing with cru@3ae4a6c1
[17:51:39] [Server thread/ERROR]: Unknown type , replacing with cru@3ae4a6c1
[17:51:39] [Server thread/ERROR]: Unknown type , replacing with cru@3ae4a6c1
[17:51:39] [Server thread/ERROR]: Unknown type , replacing with cru@3ae4a6c1
[17:51:39] [Server thread/ERROR]: Unknown type , replacing with cru@3ae4a6c1
[17:51:39] [Server thread/ERROR]: Unknown type , replacing with cru@3ae4a6c1
[17:51:39] [Server thread/ERROR]: Unknown type , replacing with cru@3ae4a6c1
[17:51:39] [Server thread/ERROR]: Unknown type , replacing with cru@3ae4a6c1
[17:51:39] [Server thread/ERROR]: Unknown type , replacing with cru@3ae4a6c1
[17:51:39] [Server thread/ERROR]: Unknown type , replacing with cru@3ae4a6c1
[17:51:40] [Server thread/ERROR]: Unknown type , replacing with cru@3ae4a6c1
[17:51:40] [Server thread/ERROR]: Unknown type , replacing with cru@3ae4a6c1
[17:51:40] [Server thread/ERROR]: Unknown type , replacing with cru@3ae4a6c1
[17:51:40] [Server thread/ERROR]: Unknown type , replacing with cru@3ae4a6c1
[17:51:40] [Server thread/ERROR]: Unknown type , replacing with cru@3ae4a6c1
[17:51:40] [Server thread/ERROR]: Unknown type , replacing with cru@3ae4a6c1
[17:51:40] [Server thread/ERROR]: Unknown type , replacing with cru@3ae4a6c1
[17:51:40] [Server thread/ERROR]: Unknown type , replacing with cru@3ae4a6c1
[17:51:40] [Server thread/ERROR]: Unknown type , replacing with cru@3ae4a6c1
[17:51:40] [Server thread/ERROR]: Unknown type , replacing with cru@3ae4a6c1
[17:51:40] [Server thread/ERROR]: Unknown type , replacing with cru@3ae4a6c1
[17:51:40] [Server thread/ERROR]: Unknown type , replacing with cru@3ae4a6c1
[17:51:40] [Server thread/ERROR]: Unknown type , replacing with cru@3ae4a6c1
[17:51:40] [Server thread/ERROR]: Unknown type , replacing with cru@3ae4a6c1
[17:51:40] [Server thread/ERROR]: Unknown type , replacing with cru@3ae4a6c1
[17:51:40] [Server thread/ERROR]: Unknown type , replacing with cru@3ae4a6c1
[17:51:40] [Server thread/ERROR]: Unknown type , replacing with cru@3ae4a6c1
[17:51:40] [Server thread/ERROR]: Unknown type , replacing with cru@3ae4a6c1
[17:51:40] [Server thread/ERROR]: Unknown type , replacing with cru@3ae4a6c1
[17:51:40] [Server thread/ERROR]: Unknown type , replacing with cru@3ae4a6c1
[17:51:40] [Server thread/ERROR]: Unknown type , replacing with cru@3ae4a6c1
[17:51:40] [Server thread/ERROR]: Unknown type , replacing with cru@3ae4a6c1
[17:51:40] [Server thread/ERROR]: Unknown type , replacing with cru@3ae4a6c1
[17:51:40] [Server thread/ERROR]: Unknown type , replacing with cru@3ae4a6c1
[17:51:40] [Server thread/ERROR]: Unknown type , replacing with cru@3ae4a6c1
[17:51:40] [Server thread/ERROR]: Unknown type , replacing with cru@3ae4a6c1
[17:51:40] [Server thread/ERROR]: Unknown type , replacing with cru@3ae4a6c1
[17:51:40] [Server thread/ERROR]: Unknown type , replacing with cru@3ae4a6c1
[17:51:40] [Server thread/ERROR]: Unknown type , replacing with cru@3ae4a6c1
[17:51:40] [Server thread/ERROR]: Unknown type , replacing with cru@3ae4a6c1
[17:51:40] [Server thread/ERROR]: Unknown type , replacing with cru@3ae4a6c1
[17:51:40] [Server thread/ERROR]: Unknown type , replacing with cru@3ae4a6c1
[17:51:40] [Server thread/ERROR]: Unknown type , replacing with cru@3ae4a6c1
[17:51:40] [Server thread/ERROR]: Unknown type , replacing with cru@3ae4a6c1
[17:51:40] [Server thread/ERROR]: Unknown type , replacing with cru@3ae4a6c1
[17:51:40] [Server thread/ERROR]: Unknown type , replacing with cru@3ae4a6c1
[17:51:40] [Server thread/ERROR]: Unknown type , replacing with cru@3ae4a6c1
[17:51:40] [Server thread/ERROR]: Unknown type , replacing with cru@3ae4a6c1
[17:51:40] [Server thread/ERROR]: Unknown type , replacing with cru@3ae4a6c1
[17:51:40] [Server thread/ERROR]: Unknown type , replacing with cru@3ae4a6c1
[17:51:40] [Server thread/ERROR]: Unknown type , replacing with cru@3ae4a6c1
[17:51:40] [Server thread/ERROR]: Unknown type , replacing with cru@3ae4a6c1
[17:51:40] [Server thread/ERROR]: Unknown type , replacing with cru@3ae4a6c1
[17:51:40] [Server thread/ERROR]: Unknown type , replacing with cru@3ae4a6c1
[17:51:40] [Server thread/ERROR]: Unknown type , replacing with cru@3ae4a6c1
[17:51:40] [Server thread/ERROR]: Unknown type , replacing with cru@3ae4a6c1
[17:51:40] [Server thread/ERROR]: Unknown type , replacing with cru@3ae4a6c1
[17:51:40] [Server thread/ERROR]: Unknown type , replacing with cru@3ae4a6c1
[17:51:40] [Server thread/ERROR]: Unknown type , replacing with cru@3ae4a6c1
[17:51:40] [Server thread/ERROR]: Unknown type , replacing with cru@3ae4a6c1
[17:51:40] [Server thread/ERROR]: Unknown type , replacing with cru@3ae4a6c1
[17:51:40] [Server thread/ERROR]: Unknown type , replacing with cru@3ae4a6c1
[17:51:40] [Server thread/ERROR]: Unknown type , replacing with cru@3ae4a6c1
[17:51:40] [Server thread/ERROR]: Unknown type , replacing with cru@3ae4a6c1
[17:51:40] [Server thread/ERROR]: Unknown type , replacing with cru@3ae4a6c1
[17:51:40] [Server thread/ERROR]: Unknown type , replacing with cru@3ae4a6c1
[17:51:40] [Server thread/ERROR]: Unknown type , replacing with cru@3ae4a6c1
[18:21:11] [Server thread/INFO]: <Fretbeirke> Fretbeirke
[18:22:39] [Server thread/WARN]: Fretbeirke moved too quickly! 1027.3109516631612,3.1875,-1279.4008235107303
[18:25:43] [Server thread/WARN]: Can't keep up! Is the server overloaded? Running 2018ms or 40 ticks behind
[18:43:04] [Server thread/WARN]: Fetching packet for removed entity azh['Air'/49158, l='world', x=250.20, y=60.00, z=-119.20]
[18:43:56] [Server thread/ERROR]: Unknown type , replacing with cru@3ae4a6c1
[18:43:56] [Server thread/ERROR]: Unknown type , replacing with cru@3ae4a6c1
[18:43:56] [Server thread/ERROR]: Unknown type , replacing with cru@3ae4a6c1
[18:43:56] [Server thread/ERROR]: Unknown type , replacing with cru@3ae4a6c1
[18:43:56] [Server thread/ERROR]: Unknown type , replacing with cru@3ae4a6c1
[18:43:56] [Server thread/ERROR]: Unknown type , replacing with cru@3ae4a6c1
[18:43:56] [Server thread/ERROR]: Unknown type , replacing with cru@3ae4a6c1
[18:43:56] [Server thread/ERROR]: Unknown type , replacing with cru@3ae4a6c1
[18:43:56] [Server thread/ERROR]: Unknown type , replacing with cru@3ae4a6c1
[18:43:56] [Server thread/ERROR]: Unknown type , replacing with cru@3ae4a6c1
[18:43:56] [Server thread/ERROR]: Unknown type , replacing with cru@3ae4a6c1
[18:43:56] [Server thread/ERROR]: Unknown type , replacing with cru@3ae4a6c1
[18:43:56] [Server thread/ERROR]: Unknown type , replacing with cru@3ae4a6c1
[18:43:56] [Server thread/ERROR]: Unknown type , replacing with cru@3ae4a6c1
[18:43:56] [Server thread/ERROR]: Unknown type , replacing with cru@3ae4a6c1
[18:43:56] [Server thread/ERROR]: Unknown type , replacing with cru@3ae4a6c1
[18:43:56] [Server thread/ERROR]: Unknown type , replacing with cru@3ae4a6c1
[18:43:56] [Server thread/ERROR]: Unknown type , replacing with cru@3ae4a6c1
[18:43:56] [Server thread/ERROR]: Unknown type , replacing with cru@3ae4a6c1
[18:43:56] [Server thread/ERROR]: Unknown type , replacing with cru@3ae4a6c1
[18:43:56] [Server thread/ERROR]: Unknown type , replacing with cru@3ae4a6c1
[18:43:56] [Server thread/ERROR]: Unknown type , replacing with cru@3ae4a6c1
[18:43:56] [Server thread/ERROR]: Unknown type , replacing with cru@3ae4a6c1
[18:43:56] [Server thread/ERROR]: Unknown type , replacing with cru@3ae4a6c1
[18:43:56] [Server thread/ERROR]: Unknown type , replacing with cru@3ae4a6c1
[18:43:56] [Server thread/WARN]: Error while deserializing minecraft:hay_pile
[18:43:56] [Server thread/ERROR]: Unknown type , replacing with cru@3ae4a6c1
[18:43:56] [Server thread/ERROR]: Unknown type , replacing with cru@3ae4a6c1
[18:43:56] [Server thread/ERROR]: Unknown type , replacing with cru@3ae4a6c1
[18:43:56] [Server thread/ERROR]: Unknown type , replacing with cru@3ae4a6c1
[18:43:56] [Server thread/ERROR]: Unknown type , replacing with cru@3ae4a6c1
[18:43:56] [Server thread/ERROR]: Unknown type , replacing with cru@3ae4a6c1
[18:43:56] [Server thread/ERROR]: Unknown type , replacing with cru@3ae4a6c1
[18:43:56] [Server thread/ERROR]: Unknown type , replacing with cru@3ae4a6c1
[18:43:56] [Server thread/ERROR]: Unknown type , replacing with cru@3ae4a6c1
[18:43:56] [Server thread/ERROR]: Unknown type , replacing with cru@3ae4a6c1
[18:43:56] [Server thread/ERROR]: Unknown type , replacing with cru@3ae4a6c1
[18:43:56] [Server thread/ERROR]: Unknown type , replacing with cru@3ae4a6c1
[18:43:56] [Server thread/ERROR]: Unknown type , replacing with cru@3ae4a6c1
[18:43:56] [Server thread/ERROR]: Unknown type , replacing with cru@3ae4a6c1
[18:43:56] [Server thread/ERROR]: Unknown type , replacing with cru@3ae4a6c1
[18:43:56] [Server thread/ERROR]: Unknown type , replacing with cru@3ae4a6c1
[18:43:56] [Server thread/WARN]: Error while deserializing minecraft:plain_flower
[18:43:56] [Server thread/ERROR]: Unknown type , replacing with cru@3ae4a6c1
[18:43:56] [Server thread/ERROR]: Unknown type , replacing with cru@3ae4a6c1
[18:43:56] [Server thread/ERROR]: Unknown type , replacing with cru@3ae4a6c1
[18:43:56] [Server thread/ERROR]: Unknown type , replacing with cru@3ae4a6c1
[18:43:56] [Server thread/ERROR]: Unknown type , replacing with cru@3ae4a6c1
[18:43:56] [Server thread/ERROR]: Unknown type , replacing with cru@3ae4a6c1
[18:43:56] [Server thread/ERROR]: Unknown type , replacing with cru@3ae4a6c1
[18:43:56] [Server thread/ERROR]: Unknown type , replacing with cru@3ae4a6c1
[18:43:56] [Server thread/ERROR]: Unknown type , replacing with cru@3ae4a6c1
[18:43:56] [Server thread/ERROR]: Unknown type , replacing with cru@3ae4a6c1
[18:43:56] [Server thread/ERROR]: Unknown type , replacing with cru@3ae4a6c1
[18:43:56] [Server thread/ERROR]: Unknown type , replacing with cru@3ae4a6c1
[18:43:56] [Server thread/ERROR]: Unknown type , replacing with cru@3ae4a6c1
[18:43:56] [Server thread/WARN]: Error while deserializing minecraft:normal_tree
[18:43:56] [Server thread/ERROR]: Unknown type , replacing with cru@3ae4a6c1
[18:43:56] [Server thread/ERROR]: Unknown type , replacing with cru@3ae4a6c1
[18:43:56] [Server thread/ERROR]: Unknown type , replacing with cru@3ae4a6c1
[18:43:56] [Server thread/ERROR]: Unknown type , replacing with cru@3ae4a6c1
[18:43:56] [Server thread/ERROR]: Unknown type , replacing with cru@3ae4a6c1
[18:43:56] [Server thread/ERROR]: Unknown type , replacing with cru@3ae4a6c1
[18:43:56] [Server thread/ERROR]: Unknown type , replacing with cru@3ae4a6c1
[18:43:56] [Server thread/ERROR]: Unknown type , replacing with cru@3ae4a6c1
[18:43:56] [Server thread/ERROR]: Unknown type , replacing with cru@3ae4a6c1
[18:43:56] [Server thread/ERROR]: Unknown type , replacing with cru@3ae4a6c1
[18:43:56] [Server thread/ERROR]: Unknown type , replacing with cru@3ae4a6c1
[18:43:56] [Server thread/ERROR]: Unknown type , replacing with cru@3ae4a6c1
[18:43:56] [Server thread/ERROR]: Unknown type , replacing with cru@3ae4a6c1
[18:43:56] [Server thread/ERROR]: Unknown type , replacing with cru@3ae4a6c1
[18:43:56] [Server thread/ERROR]: Unknown type , replacing with cru@3ae4a6c1
[18:43:56] [Server thread/ERROR]: Unknown type , replacing with cru@3ae4a6c1
[18:43:56] [Server thread/ERROR]: Unknown type , replacing with cru@3ae4a6c1
[18:43:56] [Server thread/ERROR]: Unknown type , replacing with cru@3ae4a6c1
[18:43:56] [Server thread/ERROR]: Unknown type , replacing with cru@3ae4a6c1
[18:43:56] [Server thread/ERROR]: Unknown type , replacing with cru@3ae4a6c1
[18:43:56] [Server thread/ERROR]: Unknown type , replacing with cru@3ae4a6c1
[18:43:56] [Server thread/ERROR]: Unknown type , replacing with cru@3ae4a6c1
[18:43:56] [Server thread/ERROR]: Unknown type , replacing with cru@3ae4a6c1
[18:43:56] [Server thread/ERROR]: Unknown type , replacing with cru@3ae4a6c1
[18:43:56] [Server thread/ERROR]: Unknown type , replacing with cru@3ae4a6c1
[18:43:56] [Server thread/WARN]: Error while deserializing minecraft:hay_pile
[18:43:56] [Server thread/ERROR]: Unknown type , replacing with cru@3ae4a6c1
[18:43:56] [Server thread/ERROR]: Unknown type , replacing with cru@3ae4a6c1
[18:43:56] [Server thread/ERROR]: Unknown type , replacing with cru@3ae4a6c1
[18:43:56] [Server thread/ERROR]: Unknown type , replacing with cru@3ae4a6c1
[18:43:56] [Server thread/ERROR]: Unknown type , replacing with cru@3ae4a6c1
[18:43:56] [Server thread/ERROR]: Unknown type , replacing with cru@3ae4a6c1
[18:43:56] [Server thread/ERROR]: Unknown type , replacing with cru@3ae4a6c1
[18:43:56] [Server thread/ERROR]: Unknown type , replacing with cru@3ae4a6c1
[18:43:56] [Server thread/ERROR]: Unknown type , replacing with cru@3ae4a6c1
[18:43:56] [Server thread/ERROR]: Unknown type , replacing with cru@3ae4a6c1
[18:43:56] [Server thread/ERROR]: Unknown type , replacing with cru@3ae4a6c1
[18:43:56] [Server thread/ERROR]: Unknown type , replacing with cru@3ae4a6c1
[18:43:56] [Server thread/ERROR]: Unknown type , replacing with cru@3ae4a6c1
[18:43:56] [Server thread/ERROR]: Unknown type , replacing with cru@3ae4a6c1
[18:43:56] [Server thread/ERROR]: Unknown type , replacing with cru@3ae4a6c1
[18:43:56] [Server thread/ERROR]: Unknown type , replacing with cru@3ae4a6c1
[18:43:56] [Server thread/ERROR]: Unknown type , replacing with cru@3ae4a6c1
[18:43:56] [Server thread/WARN]: Error while deserializing minecraft:hay_pile
[18:43:56] [Server thread/ERROR]: Unknown type , replacing with cru@3ae4a6c1
[18:43:56] [Server thread/ERROR]: Unknown type , replacing with cru@3ae4a6c1
[18:43:56] [Server thread/ERROR]: Unknown type , replacing with cru@3ae4a6c1
[18:43:56] [Server thread/ERROR]: Unknown type , replacing with cru@3ae4a6c1
[18:43:56] [Server thread/ERROR]: Unknown type , replacing with cru@3ae4a6c1
[18:43:56] [Server thread/ERROR]: Unknown type , replacing with cru@3ae4a6c1
[18:43:56] [Server thread/ERROR]: Unknown type , replacing with cru@3ae4a6c1
[18:43:56] [Server thread/ERROR]: Unknown type , replacing with cru@3ae4a6c1
[18:43:56] [Server thread/ERROR]: Unknown type , replacing with cru@3ae4a6c1
[18:43:56] [Server thread/ERROR]: Unknown type , replacing with cru@3ae4a6c1
[18:43:56] [Server thread/ERROR]: Unknown type , replacing with cru@3ae4a6c1
[18:43:56] [Server thread/ERROR]: Unknown type , replacing with cru@3ae4a6c1
[18:43:56] [Server thread/ERROR]: Unknown type , replacing with cru@3ae4a6c1
[18:43:56] [Server thread/ERROR]: Unknown type , replacing with cru@3ae4a6c1
[18:43:56] [Server thread/ERROR]: Unknown type , replacing with cru@3ae4a6c1
[18:43:56] [Server thread/ERROR]: Unknown type , replacing with cru@3ae4a6c1
[18:43:56] [Server thread/ERROR]: Unknown type , replacing with cru@3ae4a6c1
[18:43:56] [Server thread/ERROR]: Unknown type , replacing with cru@3ae4a6c1
[18:43:56] [Server thread/ERROR]: Unknown type , replacing with cru@3ae4a6c1
[18:43:56] [Server thread/ERROR]: Unknown type , replacing with cru@3ae4a6c1
[18:43:56] [Server thread/ERROR]: Unknown type , replacing with cru@3ae4a6c1
[18:43:56] [Server thread/ERROR]: Unknown type , replacing with cru@3ae4a6c1
[18:43:56] [Server thread/ERROR]: Unknown type , replacing with cru@3ae4a6c1
[18:43:56] [Server thread/ERROR]: Unknown type , replacing with cru@3ae4a6c1
[18:43:56] [Server thread/ERROR]: Unknown type , replacing with cru@3ae4a6c1
[18:43:56] [Server thread/ERROR]: Unknown type , replacing with cru@3ae4a6c1
[18:43:56] [Server thread/ERROR]: Unknown type , replacing with cru@3ae4a6c1
[18:43:56] [Server thread/ERROR]: Unknown type , replacing with cru@3ae4a6c1
[18:43:56] [Server thread/ERROR]: Unknown type , replacing with cru@3ae4a6c1
[18:43:56] [Server thread/WARN]: Error while deserializing minecraft:normal_tree
[18:43:56] [Server thread/ERROR]: Unknown type , replacing with cru@3ae4a6c1
[18:43:56] [Server thread/ERROR]: Unknown type , replacing with cru@3ae4a6c1
[18:43:56] [Server thread/ERROR]: Unknown type , replacing with cru@3ae4a6c1
[18:43:56] [Server thread/ERROR]: Unknown type , replacing with cru@3ae4a6c1
[18:43:56] [Server thread/WARN]: Error while deserializing minecraft:plain_flower
[18:43:56] [Server thread/ERROR]: Unknown type , replacing with cru@3ae4a6c1
[18:43:56] [Server thread/ERROR]: Unknown type , replacing with cru@3ae4a6c1
[18:43:56] [Server thread/ERROR]: Unknown type , replacing with cru@3ae4a6c1
[18:43:56] [Server thread/ERROR]: Unknown type , replacing with cru@3ae4a6c1
[18:43:56] [Server thread/ERROR]: Unknown type , replacing with cru@3ae4a6c1
[18:43:56] [Server thread/ERROR]: Unknown type , replacing with cru@3ae4a6c1
[18:43:56] [Server thread/ERROR]: Unknown type , replacing with cru@3ae4a6c1
[18:43:56] [Server thread/ERROR]: Unknown type , replacing with cru@3ae4a6c1
[18:43:56] [Server thread/ERROR]: Unknown type , replacing with cru@3ae4a6c1
[18:43:56] [Server thread/ERROR]: Unknown type , replacing with cru@3ae4a6c1
[18:43:56] [Server thread/ERROR]: Unknown type , replacing with cru@3ae4a6c1
[18:43:56] [Server thread/ERROR]: Unknown type , replacing with cru@3ae4a6c1
[18:43:56] [Server thread/ERROR]: Unknown type , replacing with cru@3ae4a6c1
[18:43:56] [Server thread/ERROR]: Unknown type , replacing with cru@3ae4a6c1
[18:43:56] [Server thread/ERROR]: Unknown type , replacing with cru@3ae4a6c1
[18:43:56] [Server thread/ERROR]: Unknown type , replacing with cru@3ae4a6c1
[18:43:56] [Server thread/ERROR]: Unknown type , replacing with cru@3ae4a6c1
[18:43:56] [Server thread/WARN]: Error while deserializing minecraft:normal_tree
[18:43:56] [Server thread/ERROR]: Unknown type , replacing with cru@3ae4a6c1
[18:43:56] [Server thread/ERROR]: Unknown type , replacing with cru@3ae4a6c1
[18:43:56] [Server thread/ERROR]: Unknown type , replacing with cru@3ae4a6c1
[18:43:56] [Server thread/ERROR]: Unknown type , replacing with cru@3ae4a6c1
[18:43:56] [Server thread/ERROR]: Unknown type , replacing with cru@3ae4a6c1
[18:43:56] [Server thread/ERROR]: Unknown type , replacing with cru@3ae4a6c1
[18:43:56] [Server thread/ERROR]: Unknown type , replacing with cru@3ae4a6c1
[18:43:56] [Server thread/ERROR]: Unknown type , replacing with cru@3ae4a6c1
[18:43:56] [Server thread/ERROR]: Unknown type , replacing with cru@3ae4a6c1
[18:43:56] [Server thread/ERROR]: Unknown type , replacing with cru@3ae4a6c1
[18:43:56] [Server thread/ERROR]: Unknown type , replacing with cru@3ae4a6c1
[18:43:56] [Server thread/ERROR]: Unknown type , replacing with cru@3ae4a6c1
[18:43:56] [Server thread/ERROR]: Unknown type , replacing with cru@3ae4a6c1
[18:43:56] [Server thread/ERROR]: Unknown type , replacing with cru@3ae4a6c1
[18:43:56] [Server thread/ERROR]: Unknown type , replacing with cru@3ae4a6c1
[18:43:56] [Server thread/ERROR]: Unknown type , replacing with cru@3ae4a6c1
[18:43:56] [Server thread/ERROR]: Unknown type , replacing with cru@3ae4a6c1
[18:43:56] [Server thread/ERROR]: Unknown type , replacing with cru@3ae4a6c1
[18:43:56] [Server thread/ERROR]: Unknown type , replacing with cru@3ae4a6c1
[18:43:56] [Server thread/ERROR]: Unknown type , replacing with cru@3ae4a6c1
[18:43:56] [Server thread/ERROR]: Unknown type , replacing with cru@3ae4a6c1
[18:43:56] [Server thread/ERROR]: Unknown type , replacing with cru@3ae4a6c1
[18:43:56] [Server thread/ERROR]: Unknown type , replacing with cru@3ae4a6c1
[18:43:56] [Server thread/ERROR]: Unknown type , replacing with cru@3ae4a6c1
[18:43:56] [Server thread/ERROR]: Unknown type , replacing with cru@3ae4a6c1
[18:43:56] [Server thread/ERROR]: Unknown type , replacing with cru@3ae4a6c1
[18:43:56] [Server thread/ERROR]: Unknown type , replacing with cru@3ae4a6c1
[18:43:56] [Server thread/ERROR]: Unknown type , replacing with cru@3ae4a6c1
[18:43:56] [Server thread/ERROR]: Unknown type , replacing with cru@3ae4a6c1
[18:43:56] [Server thread/ERROR]: Unknown type , replacing with cru@3ae4a6c1
[18:43:56] [Server thread/ERROR]: Unknown type , replacing with cru@3ae4a6c1
[18:43:56] [Server thread/ERROR]: Unknown type , replacing with cru@3ae4a6c1
[18:43:56] [Server thread/ERROR]: Unknown type , replacing with cru@3ae4a6c1
[18:43:56] [Server thread/ERROR]: Unknown type , replacing with cru@3ae4a6c1
[18:43:56] [Server thread/ERROR]: Unknown type , replacing with cru@3ae4a6c1
[18:43:56] [Server thread/ERROR]: Unknown type , replacing with cru@3ae4a6c1
[18:43:56] [Server thread/ERROR]: Unknown type , replacing with cru@3ae4a6c1
[18:43:56] [Server thread/ERROR]: Unknown type , replacing with cru@3ae4a6c1
[18:43:56] [Server thread/ERROR]: Unknown type , replacing with cru@3ae4a6c1
[18:43:56] [Server thread/ERROR]: Unknown type , replacing with cru@3ae4a6c1
[18:43:56] [Server thread/ERROR]: Unknown type , replacing with cru@3ae4a6c1
[18:43:56] [Server thread/ERROR]: Unknown type , replacing with cru@3ae4a6c1
[18:43:56] [Server thread/ERROR]: Unknown type , replacing with cru@3ae4a6c1
[18:43:56] [Server thread/ERROR]: Unknown type , replacing with cru@3ae4a6c1
[18:43:56] [Server thread/ERROR]: Unknown type , replacing with cru@3ae4a6c1
[18:43:56] [Server thread/ERROR]: Unknown type , replacing with cru@3ae4a6c1
[18:43:56] [Server thread/ERROR]: Unknown type , replacing with cru@3ae4a6c1
[18:43:56] [Server thread/ERROR]: Unknown type , replacing with cru@3ae4a6c1
[18:43:56] [Server thread/ERROR]: Unknown type , replacing with cru@3ae4a6c1
[18:43:56] [Server thread/ERROR]: Unknown type , replacing with cru@3ae4a6c1
[18:43:56] [Server thread/ERROR]: Unknown type , replacing with cru@3ae4a6c1
[18:43:56] [Server thread/ERROR]: Unknown type , replacing with cru@3ae4a6c1
[18:43:56] [Server thread/ERROR]: Unknown type , replacing with cru@3ae4a6c1
[18:43:56] [Server thread/ERROR]: Unknown type , replacing with cru@3ae4a6c1
[18:43:56] [Server thread/ERROR]: Unknown type , replacing with cru@3ae4a6c1
[18:43:56] [Server thread/ERROR]: Unknown type , replacing with cru@3ae4a6c1
[18:43:56] [Server thread/ERROR]: Unknown type , replacing with cru@3ae4a6c1
[18:43:56] [Server thread/ERROR]: Unknown type , replacing with cru@3ae4a6c1
[18:43:56] [Server thread/ERROR]: Unknown type , replacing with cru@3ae4a6c1
[18:43:56] [Server thread/ERROR]: Unknown type , replacing with cru@3ae4a6c1
[18:43:56] [Server thread/ERROR]: Unknown type , replacing with cru@3ae4a6c1
[18:43:56] [Server thread/ERROR]: Unknown type , replacing with cru@3ae4a6c1
[18:43:56] [Server thread/ERROR]: Unknown type , replacing with cru@3ae4a6c1
[18:43:56] [Server thread/ERROR]: Unknown type , replacing with cru@3ae4a6c1
[18:43:56] [Server thread/ERROR]: Unknown type , replacing with cru@3ae4a6c1
[18:43:56] [Server thread/ERROR]: Unknown type , replacing with cru@3ae4a6c1
[18:43:57] [Server thread/ERROR]: Unknown type , replacing with cru@3ae4a6c1
[18:43:57] [Server thread/ERROR]: Unknown type , replacing with cru@3ae4a6c1
[18:43:57] [Server thread/ERROR]: Unknown type , replacing with cru@3ae4a6c1
[18:43:57] [Server thread/ERROR]: Unknown type , replacing with cru@3ae4a6c1
[18:43:57] [Server thread/ERROR]: Unknown type , replacing with cru@3ae4a6c1
[18:43:57] [Server thread/ERROR]: Unknown type , replacing with cru@3ae4a6c1
[18:43:57] [Server thread/ERROR]: Unknown type , replacing with cru@3ae4a6c1
[18:43:57] [Server thread/ERROR]: Unknown type , replacing with cru@3ae4a6c1
[18:43:57] [Server thread/ERROR]: Unknown type , replacing with cru@3ae4a6c1
[18:43:57] [Server thread/ERROR]: Unknown type , replacing with cru@3ae4a6c1
[18:43:57] [Server thread/ERROR]: Unknown type , replacing with cru@3ae4a6c1
[18:43:57] [Server thread/ERROR]: Unknown type , replacing with cru@3ae4a6c1
[18:43:57] [Server thread/ERROR]: Unknown type , replacing with cru@3ae4a6c1
[18:43:57] [Server thread/ERROR]: Unknown type , replacing with cru@3ae4a6c1
[18:43:57] [Server thread/ERROR]: Unknown type , replacing with cru@3ae4a6c1
[18:43:57] [Server thread/ERROR]: Unknown type , replacing with cru@3ae4a6c1
[18:43:57] [Server thread/ERROR]: Unknown type , replacing with cru@3ae4a6c1
[18:43:57] [Server thread/ERROR]: Unknown type , replacing with cru@3ae4a6c1
[18:43:57] [Server thread/ERROR]: Unknown type , replacing with cru@3ae4a6c1
[18:43:57] [Server thread/ERROR]: Unknown type , replacing with cru@3ae4a6c1
[18:43:57] [Server thread/ERROR]: Unknown type , replacing with cru@3ae4a6c1
[18:43:57] [Server thread/ERROR]: Unknown type , replacing with cru@3ae4a6c1
[18:43:57] [Server thread/ERROR]: Unknown type , replacing with cru@3ae4a6c1
[18:43:57] [Server thread/ERROR]: Unknown type , replacing with cru@3ae4a6c1
[18:43:57] [Server thread/ERROR]: Unknown type , replacing with cru@3ae4a6c1
[18:43:57] [Server thread/ERROR]: Unknown type , replacing with cru@3ae4a6c1
[18:43:57] [Server thread/ERROR]: Unknown type , replacing with cru@3ae4a6c1
[18:43:57] [Server thread/ERROR]: Unknown type , replacing with cru@3ae4a6c1
[18:43:57] [Server thread/ERROR]: Unknown type , replacing with cru@3ae4a6c1
[18:43:57] [Server thread/ERROR]: Unknown type , replacing with cru@3ae4a6c1
[18:43:57] [Server thread/ERROR]: Unknown type , replacing with cru@3ae4a6c1
[18:43:57] [Server thread/ERROR]: Unknown type , replacing with cru@3ae4a6c1
[18:43:57] [Server thread/ERROR]: Unknown type , replacing with cru@3ae4a6c1
[18:43:57] [Server thread/ERROR]: Unknown type , replacing with cru@3ae4a6c1
[18:43:57] [Server thread/ERROR]: Unknown type , replacing with cru@3ae4a6c1
[18:43:57] [Server thread/ERROR]: Unknown type , replacing with cru@3ae4a6c1
[18:43:57] [Server thread/ERROR]: Unknown type , replacing with cru@3ae4a6c1
[18:43:57] [Server thread/ERROR]: Unknown type , replacing with cru@3ae4a6c1
[18:43:57] [Server thread/ERROR]: Unknown type , replacing with cru@3ae4a6c1
[18:43:57] [Server thread/ERROR]: Unknown type , replacing with cru@3ae4a6c1
[18:43:57] [Server thread/ERROR]: Unknown type , replacing with cru@3ae4a6c1
[18:43:57] [Server thread/ERROR]: Unknown type , replacing with cru@3ae4a6c1
[18:43:57] [Server thread/ERROR]: Unknown type , replacing with cru@3ae4a6c1
[18:43:57] [Server thread/ERROR]: Unknown type , replacing with cru@3ae4a6c1
[18:43:57] [Server thread/ERROR]: Unknown type , replacing with cru@3ae4a6c1
[18:43:57] [Server thread/ERROR]: Unknown type , replacing with cru@3ae4a6c1
[18:43:57] [Server thread/ERROR]: Unknown type , replacing with cru@3ae4a6c1
[18:43:57] [Server thread/ERROR]: Unknown type , replacing with cru@3ae4a6c1
[18:43:57] [Server thread/ERROR]: Unknown type , replacing with cru@3ae4a6c1
[18:43:57] [Server thread/ERROR]: Unknown type , replacing with cru@3ae4a6c1
[18:43:57] [Server thread/ERROR]: Unknown type , replacing with cru@3ae4a6c1
[18:43:57] [Server thread/ERROR]: Unknown type , replacing with cru@3ae4a6c1
[18:43:57] [Server thread/ERROR]: Unknown type , replacing with cru@3ae4a6c1
[18:43:57] [Server thread/ERROR]: Unknown type , replacing with cru@3ae4a6c1
[18:43:57] [Server thread/ERROR]: Unknown type , replacing with cru@3ae4a6c1
[18:43:57] [Server thread/ERROR]: Unknown type , replacing with cru@3ae4a6c1
[18:43:57] [Server thread/ERROR]: Unknown type , replacing with cru@3ae4a6c1
[18:43:57] [Server thread/ERROR]: Unknown type , replacing with cru@3ae4a6c1
[18:43:57] [Server thread/ERROR]: Unknown type , replacing with cru@3ae4a6c1
[18:43:57] [Server thread/ERROR]: Unknown type , replacing with cru@3ae4a6c1
[18:43:57] [Server thread/ERROR]: Unknown type , replacing with cru@3ae4a6c1
[18:43:57] [Server thread/ERROR]: Unknown type , replacing with cru@3ae4a6c1
[18:43:57] [Server thread/ERROR]: Unknown type , replacing with cru@3ae4a6c1
[18:43:57] [Server thread/ERROR]: Unknown type , replacing with cru@3ae4a6c1
[18:43:57] [Server thread/ERROR]: Unknown type , replacing with cru@3ae4a6c1
[18:43:57] [Server thread/ERROR]: Unknown type , replacing with cru@3ae4a6c1
[18:43:57] [Server thread/ERROR]: Unknown type , replacing with cru@3ae4a6c1
[18:43:57] [Server thread/ERROR]: Unknown type , replacing with cru@3ae4a6c1
[18:43:57] [Server thread/ERROR]: Unknown type , replacing with cru@3ae4a6c1
[18:43:57] [Server thread/ERROR]: Unknown type , replacing with cru@3ae4a6c1
[18:43:57] [Server thread/ERROR]: Unknown type , replacing with cru@3ae4a6c1
[18:51:00] [Server thread/WARN]: Fetching packet for removed entity azh['Air'/51014, l='world', x=250.20, y=60.00, z=-120.61]
[18:51:46] [Server thread/INFO]: Fretbeirke lost connection: Disconnected
[18:51:46] [Server thread/INFO]: Fretbeirke left the game
[18:58:06] [Server thread/INFO]: Stopping the server
[18:58:06] [Server thread/INFO]: Stopping server
[18:58:06] [Server thread/INFO]: Saving players
[18:58:06] [Server thread/INFO]: Saving worlds
[18:58:06] [Server thread/INFO]: Saving chunks for level 'world'/minecraft:the_nether
[18:58:06] [Server thread/INFO]: ThreadedAnvilChunkStorage (DIM-1): All chunks are saved
[18:58:06] [Server thread/INFO]: Saving chunks for level 'world'/minecraft:overworld
[18:58:06] [Server thread/INFO]: ThreadedAnvilChunkStorage (world): All chunks are saved
[18:58:06] [Server thread/INFO]: Saving chunks for level 'world'/minecraft:the_end
[18:58:06] [Server thread/INFO]: ThreadedAnvilChunkStorage (DIM1): All chunks are saved
[18:58:06] [Server thread/INFO]: ThreadedAnvilChunkStorage (DIM-1): All chunks are saved
[18:58:06] [Server thread/INFO]: ThreadedAnvilChunkStorage (world): All chunks are saved
[18:58:06] [Server thread/INFO]: ThreadedAnvilChunkStorage (DIM1): All chunks are saved
